[0811/192051.763:ERROR:process_memory_win.cc(73)] ReadMemory at 0x7ff71b4e0000 of 64 bytes failed: Only part of a ReadProcessMemory or WriteProcessMemory request was completed. (0x12B)
[0811/192053.039:WARNING:pe_image_reader.cc(340)] could not read dos header from C:\Program Files (x86)\Google\Chrome\Application\chrome.exe
[0811/192053.039:ERROR:process_memory_win.cc(73)] ReadMemory at 0x7ffc8d360000 of 64 bytes failed: Only part of a ReadProcessMemory or WriteProcessMemory request was completed. (0x12B)
[0811/192053.040:WARNING:pe_image_reader.cc(340)] could not read dos header from C:\Windows\SYSTEM32\ntdll.dll
[0811/192053.040:ERROR:process_memory_win.cc(73)] ReadMemory at 0x7ffc8cbb0000 of 64 bytes failed: Only part of a ReadProcessMemory or WriteProcessMemory request was completed. (0x12B)
[0811/192053.064:WARNING:pe_image_reader.cc(340)] could not read dos header from C:\Windows\System32\KERNEL32.DLL
[0811/192053.064:ERROR:process_memory_win.cc(73)] ReadMemory at 0x7ffc8a7a0000 of 64 bytes failed: Only part of a ReadProcessMemory or WriteProcessMemory request was completed. (0x12B)
[0811/192053.064:WARNING:pe_image_reader.cc(340)] could not read dos header from C:\Windows\System32\KERNELBASE.dll
[0811/192053.064:ERROR:process_memory_win.cc(73)] ReadMemory at 0x7ffc66700000 of 64 bytes failed: Only part of a ReadProcessMemory or WriteProcessMemory request was completed. (0x12B)
[0811/192053.064:WARNING:pe_image_reader.cc(340)] could not read dos header from C:\Program Files (x86)\Google\Chrome\Application\84.0.4147.105\chrome_elf.dll
[0811/192053.065:ERROR:process_memory_win.cc(73)] ReadMemory at 0x7ffc7c520000 of 64 bytes failed: Only part of a ReadProcessMemory or WriteProcessMemory request was completed. (0x12B)
[0811/192053.065:WARNING:pe_image_reader.cc(340)] could not read dos header from C:\Windows\SYSTEM32\VERSION.dll
[0811/192053.065:ERROR:process_memory_win.cc(73)] ReadMemory at 0x7ffc8cb10000 of 64 bytes failed: Only part of a ReadProcessMemory or WriteProcessMemory request was completed. (0x12B)
[0811/192053.065:WARNING:pe_image_reader.cc(340)] could not read dos header from C:\Windows\System32\msvcrt.dll
[0811/192053.065:ERROR:process_memory_win.cc(73)] ReadMemory at 0x7ffc8a4d0000 of 64 bytes failed: Only part of a ReadProcessMemory or WriteProcessMemory request was completed. (0x12B)
[0811/192053.065:WARNING:pe_image_reader.cc(340)] could not read dos header from C:\Windows\System32\bcryptPrimitives.dll
[0811/192053.065:ERROR:process_memory_win.cc(73)] ReadMemory at 0x7ffc8c370000 of 64 bytes failed: Only part of a ReadProcessMemory or WriteProcessMemory request was completed. (0x12B)
[0811/192053.065:WARNING:pe_image_reader.cc(340)] could not read dos header from C:\Windows\System32\ADVAPI32.dll
[0811/192053.065:ERROR:process_memory_win.cc(73)] ReadMemory at 0x7ffc8bef0000 of 64 bytes failed: Only part of a ReadProcessMemory or WriteProcessMemory request was completed. (0x12B)
[0811/192053.065:WARNING:pe_image_reader.cc(340)] could not read dos header from C:\Windows\System32\sechost.dll
[0811/192053.065:ERROR:process_memory_win.cc(73)] ReadMemory at 0x7ffc8d020000 of 64 bytes failed: Only part of a ReadProcessMemory or WriteProcessMemory request was completed. (0x12B)
[0811/192053.065:WARNING:pe_image_reader.cc(340)] could not read dos header from C:\Windows\System32\RPCRT4.dll
[0811/192053.065:ERROR:process_memory_win.cc(73)] ReadMemory at 0x7ffc4c5d0000 of 64 bytes failed: Only part of a ReadProcessMemory or WriteProcessMemory request was completed. (0x12B)
[0811/192053.065:WARNING:pe_image_reader.cc(340)] could not read dos header from C:\Program Files (x86)\Google\Chrome\Application\84.0.4147.105\chrome.dll
[0811/192053.065:ERROR:process_memory_win.cc(73)] ReadMemory at 0x7ffc8be80000 of 64 bytes failed: Only part of a ReadProcessMemory or WriteProcessMemory request was completed. (0x12B)
[0811/192053.065:WARNING:pe_image_reader.cc(340)] could not read dos header from C:\Windows\System32\WS2_32.dll
[0811/192053.065:ERROR:process_memory_win.cc(73)] ReadMemory at 0x7ffc8b4a0000 of 64 bytes failed: Only part of a ReadProcessMemory or WriteProcessMemory request was completed. (0x12B)
[0811/192053.065:WARNING:pe_image_reader.cc(340)] could not read dos header from C:\Windows\System32\OLEAUT32.dll
[0811/192053.065:ERROR:process_memory_win.cc(73)] ReadMemory at 0x7ffc8a700000 of 64 bytes failed: Only part of a ReadProcessMemory or WriteProcessMemory request was completed. (0x12B)
[0811/192053.065:WARNING:pe_image_reader.cc(340)] could not read dos header from C:\Windows\System32\msvcp_win.dll
[0811/192053.065:ERROR:process_memory_win.cc(73)] ReadMemory at 0x7ffc8b2e0000 of 64 bytes failed: Only part of a ReadProcessMemory or WriteProcessMemory request was completed. (0x12B)
[0811/192053.065:WARNING:pe_image_reader.cc(340)] could not read dos header from C:\Windows\System32\ucrtbase.dll
[0811/192053.065:ERROR:process_memory_win.cc(73)] ReadMemory at 0x7ffc8c030000 of 64 bytes failed: Only part of a ReadProcessMemory or WriteProcessMemory request was completed. (0x12B)
[0811/192053.065:WARNING:pe_image_reader.cc(340)] could not read dos header from C:\Windows\System32\combase.dll
[0811/192053.065:ERROR:process_memory_win.cc(73)] ReadMemory at 0x7ffc8a6a0000 of 64 bytes failed: Only part of a ReadProcessMemory or WriteProcessMemory request was completed. (0x12B)
[0811/192053.065:WARNING:pe_image_reader.cc(340)] could not read dos header from C:\Windows\System32\WINTRUST.dll
[0811/192053.065:ERROR:process_memory_win.cc(73)] ReadMemory at 0x7ffc8a1f0000 of 64 bytes failed: Only part of a ReadProcessMemory or WriteProcessMemory request was completed. (0x12B)
[0811/192053.065:WARNING:pe_image_reader.cc(340)] could not read dos header from C:\Windows\System32\MSASN1.dll
[0811/192053.065:ERROR:process_memory_win.cc(73)] ReadMemory at 0x7ffc8a550000 of 64 bytes failed: Only part of a ReadProcessMemory or WriteProcessMemory request was completed. (0x12B)
[0811/192053.065:WARNING:pe_image_reader.cc(340)] could not read dos header from C:\Windows\System32\CRYPT32.dll
[0811/192053.065:ERROR:process_memory_win.cc(73)] ReadMemory at 0x7ffc89700000 of 64 bytes failed: Only part of a ReadProcessMemory or WriteProcessMemory request was completed. (0x12B)
[0811/192053.065:WARNING:pe_image_reader.cc(340)] could not read dos header from C:\Windows\SYSTEM32\IPHLPAPI.DLL
[0811/192053.066:ERROR:process_memory_win.cc(73)] ReadMemory at 0x7ffc87d80000 of 64 bytes failed: Only part of a ReadProcessMemory or WriteProcessMemory request was completed. (0x12B)
[0811/192053.066:WARNING:pe_image_reader.cc(340)] could not read dos header from C:\Windows\SYSTEM32\WINMM.dll
[0811/192053.066:ERROR:process_memory_win.cc(73)] ReadMemory at 0x7ffc745c0000 of 64 bytes failed: Only part of a ReadProcessMemory or WriteProcessMemory request was completed. (0x12B)
[0811/192053.066:WARNING:pe_image_reader.cc(340)] could not read dos header from C:\Windows\SYSTEM32\Secur32.dll
[0811/192053.066:ERROR:process_memory_win.cc(73)] ReadMemory at 0x7ffc8a100000 of 64 bytes failed: Only part of a ReadProcessMemory or WriteProcessMemory request was completed. (0x12B)
[0811/192053.066:WARNING:pe_image_reader.cc(340)] could not read dos header from C:\Windows\SYSTEM32\USERENV.dll
[0811/192053.066:ERROR:process_memory_win.cc(73)] ReadMemory at 0x7ffc8a230000 of 64 bytes failed: Only part of a ReadProcessMemory or WriteProcessMemory request was completed. (0x12B)
[0811/192053.066:WARNING:pe_image_reader.cc(340)] could not read dos header from C:\Windows\System32\profapi.dll
[0811/192053.066:ERROR:process_memory_win.cc(73)] ReadMemory at 0x7ffc6a8e0000 of 64 bytes failed: Only part of a ReadProcessMemory or WriteProcessMemory request was completed. (0x12B)
[0811/192053.066:WARNING:pe_image_reader.cc(340)] could not read dos header from C:\Windows\SYSTEM32\UIAutomationCore.DLL
[0811/192053.066:ERROR:process_memory_win.cc(73)] ReadMemory at 0x7ffc81d50000 of 64 bytes failed: Only part of a ReadProcessMemory or WriteProcessMemory request was completed. (0x12B)
[0811/192053.066:WARNING:pe_image_reader.cc(340)] could not read dos header from C:\Windows\SYSTEM32\DWrite.dll
[0811/192053.066:ERROR:process_memory_win.cc(73)] ReadMemory at 0x7ffc742b0000 of 64 bytes failed: Only part of a ReadProcessMemory or WriteProcessMemory request was completed. (0x12B)
[0811/192053.066:WARNING:pe_image_reader.cc(340)] could not read dos header from C:\Windows\SYSTEM32\WINSPOOL.DRV
[0811/192053.066:ERROR:process_memory_win.cc(73)] ReadMemory at 0x7ffc8a210000 of 64 bytes failed: Only part of a ReadProcessMemory or WriteProcessMemory request was completed. (0x12B)
[0811/192053.066:WARNING:pe_image_reader.cc(340)] could not read dos header from C:\Windows\System32\kernel.appcore.dll
[0811/192053.066:ERROR:process_memory_win.cc(73)] ReadMemory at 0x7ffc8aa50000 of 64 bytes failed: Only part of a ReadProcessMemory or WriteProcessMemory request was completed. (0x12B)
[0811/192053.066:WARNING:pe_image_reader.cc(340)] could not read dos header from C:\Windows\System32\bcrypt.dll
[0811/192053.066:ERROR:process_memory_win.cc(73)] ReadMemory at 0x7ffc79760000 of 64 bytes failed: Only part of a ReadProcessMemory or WriteProcessMemory request was completed. (0x12B)
[0811/192053.066:WARNING:pe_image_reader.cc(340)] could not read dos header from C:\Windows\SYSTEM32\dbghelp.dll
[0811/192053.066:ERROR:process_memory_win.cc(73)] ReadMemory at 0x7ffc7f470000 of 64 bytes failed: Only part of a ReadProcessMemory or WriteProcessMemory request was completed. (0x12B)
[0811/192053.066:WARNING:pe_image_reader.cc(340)] could not read dos header from C:\Windows\SYSTEM32\WINHTTP.dll
[0811/192053.066:ERROR:process_memory_win.cc(73)] ReadMemory at 0x7ffc81050000 of 64 bytes failed: Only part of a ReadProcessMemory or WriteProcessMemory request was completed. (0x12B)
[0811/192053.066:WARNING:pe_image_reader.cc(340)] could not read dos header from C:\Windows\SYSTEM32\dhcpcsvc.DLL
[0811/192053.066:ERROR:process_memory_win.cc(73)] ReadMemory at 0x7ffc8bf90000 of 64 bytes failed: Only part of a ReadProcessMemory or WriteProcessMemory request was completed. (0x12B)
[0811/192053.066:WARNING:pe_image_reader.cc(340)] could not read dos header from C:\Windows\System32\NSI.dll
[0811/192053.067:ERROR:process_memory_win.cc(73)] ReadMemory at 0x7ffc87d50000 of 64 bytes failed: Only part of a ReadProcessMemory or WriteProcessMemory request was completed. (0x12B)
[0811/192053.067:WARNING:pe_image_reader.cc(340)] could not read dos header from C:\Windows\SYSTEM32\WINMMBASE.dll
[0811/192053.067:ERROR:process_memory_win.cc(73)] ReadMemory at 0x7ffc8a2b0000 of 64 bytes failed: Only part of a ReadProcessMemory or WriteProcessMemory request was completed. (0x12B)
[0811/192053.067:WARNING:pe_image_reader.cc(340)] could not read dos header from C:\Windows\System32\cfgmgr32.dll
[0811/192053.067:ERROR:process_memory_win.cc(73)] ReadMemory at 0x7ffc86bd0000 of 64 bytes failed: Only part of a ReadProcessMemory or WriteProcessMemory request was completed. (0x12B)
[0811/192053.067:WARNING:pe_image_reader.cc(340)] could not read dos header from C:\Windows\SYSTEM32\PROPSYS.dll
[0811/192053.067:ERROR:process_memory_win.cc(73)] ReadMemory at 0x7ffc8b650000 of 64 bytes failed: Only part of a ReadProcessMemory or WriteProcessMemory request was completed. (0x12B)
[0811/192053.067:WARNING:pe_image_reader.cc(340)] could not read dos header from C:\Windows\System32\shcore.dll
[0811/192053.067:ERROR:process_memory_win.cc(73)] ReadMemory at 0x7ffc8a0d0000 of 64 bytes failed: Only part of a ReadProcessMemory or WriteProcessMemory request was completed. (0x12B)
[0811/192053.067:WARNING:pe_image_reader.cc(340)] could not read dos header from C:\Windows\SYSTEM32\SSPICLI.DLL
[0811/192053.067:ERROR:process_memory_win.cc(73)] ReadMemory at 0x7ffc89bc0000 of 64 bytes failed: Only part of a ReadProcessMemory or WriteProcessMemory request was completed. (0x12B)
[0811/192053.067:WARNING:pe_image_reader.cc(340)] could not read dos header from C:\Windows\SYSTEM32\CRYPTBASE.DLL
[0811/192053.260:ERROR:process_memory_win.cc(73)] ReadMemory at 0x7ff71b4e0000 of 64 bytes failed: Only part of a ReadProcessMemory or WriteProcessMemory request was completed. (0x12B)
[0811/192053.260:WARNING:pe_image_reader.cc(340)] could not read dos header from C:\Program Files (x86)\Google\Chrome\Application\chrome.exe
[0811/192053.261:ERROR:process_memory_win.cc(73)] ReadMemory at 0x7ffc8d360000 of 64 bytes failed: Only part of a ReadProcessMemory or WriteProcessMemory request was completed. (0x12B)
[0811/192053.261:WARNING:pe_image_reader.cc(340)] could not read dos header from C:\Windows\SYSTEM32\ntdll.dll
[0811/192053.261:ERROR:process_memory_win.cc(73)] ReadMemory at 0x7ffc8cbb0000 of 64 bytes failed: Only part of a ReadProcessMemory or WriteProcessMemory request was completed. (0x12B)
[0811/192053.261:WARNING:pe_image_reader.cc(340)] could not read dos header from C:\Windows\System32\KERNEL32.DLL
[0811/192053.261:ERROR:process_memory_win.cc(73)] ReadMemory at 0x7ffc8a7a0000 of 64 bytes failed: Only part of a ReadProcessMemory or WriteProcessMemory request was completed. (0x12B)
[0811/192053.261:WARNING:pe_image_reader.cc(340)] could not read dos header from C:\Windows\System32\KERNELBASE.dll
[0811/192053.261:ERROR:process_memory_win.cc(73)] ReadMemory at 0x7ffc66700000 of 64 bytes failed: Only part of a ReadProcessMemory or WriteProcessMemory request was completed. (0x12B)
[0811/192053.261:WARNING:pe_image_reader.cc(340)] could not read dos header from C:\Program Files (x86)\Google\Chrome\Application\84.0.4147.105\chrome_elf.dll
[0811/192053.261:ERROR:process_memory_win.cc(73)] ReadMemory at 0x7ffc7c520000 of 64 bytes failed: Only part of a ReadProcessMemory or WriteProcessMemory request was completed. (0x12B)
[0811/192053.261:WARNING:pe_image_reader.cc(340)] could not read dos header from C:\Windows\SYSTEM32\VERSION.dll
[0811/192053.262:ERROR:process_memory_win.cc(73)] ReadMemory at 0x7ffc8cb10000 of 64 bytes failed: Only part of a ReadProcessMemory or WriteProcessMemory request was completed. (0x12B)
[0811/192053.262:WARNING:pe_image_reader.cc(340)] could not read dos header from C:\Windows\System32\msvcrt.dll
[0811/192053.262:ERROR:process_memory_win.cc(73)] ReadMemory at 0x7ffc8a4d0000 of 64 bytes failed: Only part of a ReadProcessMemory or WriteProcessMemory request was completed. (0x12B)
[0811/192053.262:WARNING:pe_image_reader.cc(340)] could not read dos header from C:\Windows\System32\bcryptPrimitives.dll
[0811/192053.262:ERROR:process_memory_win.cc(73)] ReadMemory at 0x7ffc8c370000 of 64 bytes failed: Only part of a ReadProcessMemory or WriteProcessMemory request was completed. (0x12B)
[0811/192053.262:WARNING:pe_image_reader.cc(340)] could not read dos header from C:\Windows\System32\ADVAPI32.dll
[0811/192053.262:ERROR:process_memory_win.cc(73)] ReadMemory at 0x7ffc8bef0000 of 64 bytes failed: Only part of a ReadProcessMemory or WriteProcessMemory request was completed. (0x12B)
[0811/192053.262:WARNING:pe_image_reader.cc(340)] could not read dos header from C:\Windows\System32\sechost.dll
[0811/192053.262:ERROR:process_memory_win.cc(73)] ReadMemory at 0x7ffc8d020000 of 64 bytes failed: Only part of a ReadProcessMemory or WriteProcessMemory request was completed. (0x12B)
[0811/192053.262:WARNING:pe_image_reader.cc(340)] could not read dos header from C:\Windows\System32\RPCRT4.dll
[0811/192053.262:ERROR:process_memory_win.cc(73)] ReadMemory at 0x7ffc4c5d0000 of 64 bytes failed: Only part of a ReadProcessMemory or WriteProcessMemory request was completed. (0x12B)
[0811/192053.262:WARNING:pe_image_reader.cc(340)] could not read dos header from C:\Program Files (x86)\Google\Chrome\Application\84.0.4147.105\chrome.dll
[0811/192053.262:ERROR:process_memory_win.cc(73)] ReadMemory at 0x7ffc8be80000 of 64 bytes failed: Only part of a ReadProcessMemory or WriteProcessMemory request was completed. (0x12B)
[0811/192053.262:WARNING:pe_image_reader.cc(340)] could not read dos header from C:\Windows\System32\WS2_32.dll
[0811/192053.263:ERROR:process_memory_win.cc(73)] ReadMemory at 0x7ffc8b4a0000 of 64 bytes failed: Only part of a ReadProcessMemory or WriteProcessMemory request was completed. (0x12B)
[0811/192053.263:WARNING:pe_image_reader.cc(340)] could not read dos header from C:\Windows\System32\OLEAUT32.dll
[0811/192053.263:ERROR:process_memory_win.cc(73)] ReadMemory at 0x7ffc8a700000 of 64 bytes failed: Only part of a ReadProcessMemory or WriteProcessMemory request was completed. (0x12B)
[0811/192053.263:WARNING:pe_image_reader.cc(340)] could not read dos header from C:\Windows\System32\msvcp_win.dll
[0811/192053.263:ERROR:process_memory_win.cc(73)] ReadMemory at 0x7ffc8b2e0000 of 64 bytes failed: Only part of a ReadProcessMemory or WriteProcessMemory request was completed. (0x12B)
[0811/192053.263:WARNING:pe_image_reader.cc(340)] could not read dos header from C:\Windows\System32\ucrtbase.dll
[0811/192053.263:ERROR:process_memory_win.cc(73)] ReadMemory at 0x7ffc8c030000 of 64 bytes failed: Only part of a ReadProcessMemory or WriteProcessMemory request was completed. (0x12B)
[0811/192053.263:WARNING:pe_image_reader.cc(340)] could not read dos header from C:\Windows\System32\combase.dll
[0811/192053.263:ERROR:process_memory_win.cc(73)] ReadMemory at 0x7ffc8a6a0000 of 64 bytes failed: Only part of a ReadProcessMemory or WriteProcessMemory request was completed. (0x12B)
[0811/192053.263:WARNING:pe_image_reader.cc(340)] could not read dos header from C:\Windows\System32\WINTRUST.dll
[0811/192053.263:ERROR:process_memory_win.cc(73)] ReadMemory at 0x7ffc8a1f0000 of 64 bytes failed: Only part of a ReadProcessMemory or WriteProcessMemory request was completed. (0x12B)
[0811/192053.263:WARNING:pe_image_reader.cc(340)] could not read dos header from C:\Windows\System32\MSASN1.dll
[0811/192053.264:ERROR:process_memory_win.cc(73)] ReadMemory at 0x7ffc8a550000 of 64 bytes failed: Only part of a ReadProcessMemory or WriteProcessMemory request was completed. (0x12B)
[0811/192053.264:WARNING:pe_image_reader.cc(340)] could not read dos header from C:\Windows\System32\CRYPT32.dll
[0811/192053.264:ERROR:process_memory_win.cc(73)] ReadMemory at 0x7ffc89700000 of 64 bytes failed: Only part of a ReadProcessMemory or WriteProcessMemory request was completed. (0x12B)
[0811/192053.264:WARNING:pe_image_reader.cc(340)] could not read dos header from C:\Windows\SYSTEM32\IPHLPAPI.DLL
[0811/192053.264:ERROR:process_memory_win.cc(73)] ReadMemory at 0x7ffc87d80000 of 64 bytes failed: Only part of a ReadProcessMemory or WriteProcessMemory request was completed. (0x12B)
[0811/192053.264:WARNING:pe_image_reader.cc(340)] could not read dos header from C:\Windows\SYSTEM32\WINMM.dll
[0811/192053.264:ERROR:process_memory_win.cc(73)] ReadMemory at 0x7ffc745c0000 of 64 bytes failed: Only part of a ReadProcessMemory or WriteProcessMemory request was completed. (0x12B)
[0811/192053.264:WARNING:pe_image_reader.cc(340)] could not read dos header from C:\Windows\SYSTEM32\Secur32.dll
[0811/192053.264:ERROR:process_memory_win.cc(73)] ReadMemory at 0x7ffc8a100000 of 64 bytes failed: Only part of a ReadProcessMemory or WriteProcessMemory request was completed. (0x12B)
[0811/192053.264:WARNING:pe_image_reader.cc(340)] could not read dos header from C:\Windows\SYSTEM32\USERENV.dll
[0811/192053.264:ERROR:process_memory_win.cc(73)] ReadMemory at 0x7ffc8a230000 of 64 bytes failed: Only part of a ReadProcessMemory or WriteProcessMemory request was completed. (0x12B)
[0811/192053.265:WARNING:pe_image_reader.cc(340)] could not read dos header from C:\Windows\System32\profapi.dll
[0811/192053.265:ERROR:process_memory_win.cc(73)] ReadMemory at 0x7ffc6a8e0000 of 64 bytes failed: Only part of a ReadProcessMemory or WriteProcessMemory request was completed. (0x12B)
[0811/192053.265:WARNING:pe_image_reader.cc(340)] could not read dos header from C:\Windows\SYSTEM32\UIAutomationCore.DLL
[0811/192053.265:ERROR:process_memory_win.cc(73)] ReadMemory at 0x7ffc81d50000 of 64 bytes failed: Only part of a ReadProcessMemory or WriteProcessMemory request was completed. (0x12B)
[0811/192053.265:WARNING:pe_image_reader.cc(340)] could not read dos header from C:\Windows\SYSTEM32\DWrite.dll
[0811/192053.265:ERROR:process_memory_win.cc(73)] ReadMemory at 0x7ffc742b0000 of 64 bytes failed: Only part of a ReadProcessMemory or WriteProcessMemory request was completed. (0x12B)
[0811/192053.265:WARNING:pe_image_reader.cc(340)] could not read dos header from C:\Windows\SYSTEM32\WINSPOOL.DRV
[0811/192053.265:ERROR:process_memory_win.cc(73)] ReadMemory at 0x7ffc8a210000 of 64 bytes failed: Only part of a ReadProcessMemory or WriteProcessMemory request was completed. (0x12B)
[0811/192053.265:WARNING:pe_image_reader.cc(340)] could not read dos header from C:\Windows\System32\kernel.appcore.dll
[0811/192053.266:ERROR:process_memory_win.cc(73)] ReadMemory at 0x7ffc8aa50000 of 64 bytes failed: Only part of a ReadProcessMemory or WriteProcessMemory request was completed. (0x12B)
[0811/192053.266:WARNING:pe_image_reader.cc(340)] could not read dos header from C:\Windows\System32\bcrypt.dll
[0811/192053.266:ERROR:process_memory_win.cc(73)] ReadMemory at 0x7ffc79760000 of 64 bytes failed: Only part of a ReadProcessMemory or WriteProcessMemory request was completed. (0x12B)
[0811/192053.266:WARNING:pe_image_reader.cc(340)] could not read dos header from C:\Windows\SYSTEM32\dbghelp.dll
[0811/192053.266:ERROR:process_memory_win.cc(73)] ReadMemory at 0x7ffc7f470000 of 64 bytes failed: Only part of a ReadProcessMemory or WriteProcessMemory request was completed. (0x12B)
[0811/192053.266:WARNING:pe_image_reader.cc(340)] could not read dos header from C:\Windows\SYSTEM32\WINHTTP.dll
[0811/192053.266:ERROR:process_memory_win.cc(73)] ReadMemory at 0x7ffc81050000 of 64 bytes failed: Only part of a ReadProcessMemory or WriteProcessMemory request was completed. (0x12B)
[0811/192053.266:WARNING:pe_image_reader.cc(340)] could not read dos header from C:\Windows\SYSTEM32\dhcpcsvc.DLL
[0811/192053.266:ERROR:process_memory_win.cc(73)] ReadMemory at 0x7ffc8bf90000 of 64 bytes failed: Only part of a ReadProcessMemory or WriteProcessMemory request was completed. (0x12B)
[0811/192053.266:WARNING:pe_image_reader.cc(340)] could not read dos header from C:\Windows\System32\NSI.dll
[0811/192053.427:ERROR:process_memory_win.cc(73)] ReadMemory at 0x7ffc87d50000 of 64 bytes failed: Only part of a ReadProcessMemory or WriteProcessMemory request was completed. (0x12B)
[0811/192053.427:WARNING:pe_image_reader.cc(340)] could not read dos header from C:\Windows\SYSTEM32\WINMMBASE.dll
[0811/192053.427:ERROR:process_memory_win.cc(73)] ReadMemory at 0x7ffc8a2b0000 of 64 bytes failed: Only part of a ReadProcessMemory or WriteProcessMemory request was completed. (0x12B)
[0811/192053.427:WARNING:pe_image_reader.cc(340)] could not read dos header from C:\Windows\System32\cfgmgr32.dll
[0811/192053.427:ERROR:process_memory_win.cc(73)] ReadMemory at 0x7ffc86bd0000 of 64 bytes failed: Only part of a ReadProcessMemory or WriteProcessMemory request was completed. (0x12B)
[0811/192053.427:WARNING:pe_image_reader.cc(340)] could not read dos header from C:\Windows\SYSTEM32\PROPSYS.dll
[0811/192053.427:ERROR:process_memory_win.cc(73)] ReadMemory at 0x7ffc8b650000 of 64 bytes failed: Only part of a ReadProcessMemory or WriteProcessMemory request was completed. (0x12B)
[0811/192053.427:WARNING:pe_image_reader.cc(340)] could not read dos header from C:\Windows\System32\shcore.dll
[0811/192053.427:ERROR:process_memory_win.cc(73)] ReadMemory at 0x7ffc8a0d0000 of 64 bytes failed: Only part of a ReadProcessMemory or WriteProcessMemory request was completed. (0x12B)
[0811/192053.427:WARNING:pe_image_reader.cc(340)] could not read dos header from C:\Windows\SYSTEM32\SSPICLI.DLL
[0811/192053.427:ERROR:process_memory_win.cc(73)] ReadMemory at 0x7ffc89bc0000 of 64 bytes failed: Only part of a ReadProcessMemory or WriteProcessMemory request was completed. (0x12B)
[0811/192053.427:WARNING:pe_image_reader.cc(340)] could not read dos header from C:\Windows\SYSTEM32\CRYPTBASE.DLL
[0811/192053.427:ERROR:process_memory_win.cc(73)] ReadMemory at 0x7ff71b4e0000 of 64 bytes failed: Only part of a ReadProcessMemory or WriteProcessMemory request was completed. (0x12B)
[0811/192053.427:WARNING:pe_image_reader.cc(340)] could not read dos header from C:\Program Files (x86)\Google\Chrome\Application\chrome.exe
[0811/192053.427:ERROR:process_memory_win.cc(73)] ReadMemory at 0x7ffc8d360000 of 64 bytes failed: Only part of a ReadProcessMemory or WriteProcessMemory request was completed. (0x12B)
[0811/192053.428:WARNING:pe_image_reader.cc(340)] could not read dos header from C:\Windows\SYSTEM32\ntdll.dll
[0811/192053.428:ERROR:process_memory_win.cc(73)] ReadMemory at 0x7ffc8cbb0000 of 64 bytes failed: Only part of a ReadProcessMemory or WriteProcessMemory request was completed. (0x12B)
[0811/192053.428:WARNING:pe_image_reader.cc(340)] could not read dos header from C:\Windows\System32\KERNEL32.DLL
[0811/192053.428:ERROR:process_memory_win.cc(73)] ReadMemory at 0x7ffc8a7a0000 of 64 bytes failed: Only part of a ReadProcessMemory or WriteProcessMemory request was completed. (0x12B)
[0811/192053.428:WARNING:pe_image_reader.cc(340)] could not read dos header from C:\Windows\System32\KERNELBASE.dll
[0811/192053.428:ERROR:process_memory_win.cc(73)] ReadMemory at 0x7ffc66700000 of 64 bytes failed: Only part of a ReadProcessMemory or WriteProcessMemory request was completed. (0x12B)
[0811/192053.428:WARNING:pe_image_reader.cc(340)] could not read dos header from C:\Program Files (x86)\Google\Chrome\Application\84.0.4147.105\chrome_elf.dll
[0811/192053.428:ERROR:process_memory_win.cc(73)] ReadMemory at 0x7ffc7c520000 of 64 bytes failed: Only part of a ReadProcessMemory or WriteProcessMemory request was completed. (0x12B)
[0811/192053.428:WARNING:pe_image_reader.cc(340)] could not read dos header from C:\Windows\SYSTEM32\VERSION.dll
[0811/192053.428:ERROR:process_memory_win.cc(73)] ReadMemory at 0x7ffc8cb10000 of 64 bytes failed: Only part of a ReadProcessMemory or WriteProcessMemory request was completed. (0x12B)
[0811/192053.428:WARNING:pe_image_reader.cc(340)] could not read dos header from C:\Windows\System32\msvcrt.dll
[0811/192053.428:ERROR:process_memory_win.cc(73)] ReadMemory at 0x7ffc8a4d0000 of 64 bytes failed: Only part of a ReadProcessMemory or WriteProcessMemory request was completed. (0x12B)
[0811/192053.428:WARNING:pe_image_reader.cc(340)] could not read dos header from C:\Windows\System32\bcryptPrimitives.dll
[0811/192053.428:ERROR:process_memory_win.cc(73)] ReadMemory at 0x7ffc8c370000 of 64 bytes failed: Only part of a ReadProcessMemory or WriteProcessMemory request was completed. (0x12B)
[0811/192053.428:WARNING:pe_image_reader.cc(340)] could not read dos header from C:\Windows\System32\ADVAPI32.dll
[0811/192053.428:ERROR:process_memory_win.cc(73)] ReadMemory at 0x7ffc8bef0000 of 64 bytes failed: Only part of a ReadProcessMemory or WriteProcessMemory request was completed. (0x12B)
[0811/192053.428:WARNING:pe_image_reader.cc(340)] could not read dos header from C:\Windows\System32\sechost.dll
[0811/192053.428:ERROR:process_memory_win.cc(73)] ReadMemory at 0x7ffc8d020000 of 64 bytes failed: Only part of a ReadProcessMemory or WriteProcessMemory request was completed. (0x12B)
[0811/192053.428:WARNING:pe_image_reader.cc(340)] could not read dos header from C:\Windows\System32\RPCRT4.dll
[0811/192053.428:ERROR:process_memory_win.cc(73)] ReadMemory at 0x7ffc4c5d0000 of 64 bytes failed: Only part of a ReadProcessMemory or WriteProcessMemory request was completed. (0x12B)
[0811/192053.428:WARNING:pe_image_reader.cc(340)] could not read dos header from C:\Program Files (x86)\Google\Chrome\Application\84.0.4147.105\chrome.dll
[0811/192053.428:ERROR:process_memory_win.cc(73)] ReadMemory at 0x7ffc8be80000 of 64 bytes failed: Only part of a ReadProcessMemory or WriteProcessMemory request was completed. (0x12B)
[0811/192053.428:WARNING:pe_image_reader.cc(340)] could not read dos header from C:\Windows\System32\WS2_32.dll
[0811/192053.428:ERROR:process_memory_win.cc(73)] ReadMemory at 0x7ffc8b4a0000 of 64 bytes failed: Only part of a ReadProcessMemory or WriteProcessMemory request was completed. (0x12B)
[0811/192053.428:WARNING:pe_image_reader.cc(340)] could not read dos header from C:\Windows\System32\OLEAUT32.dll
[0811/192053.428:ERROR:process_memory_win.cc(73)] ReadMemory at 0x7ffc8a700000 of 64 bytes failed: Only part of a ReadProcessMemory or WriteProcessMemory request was completed. (0x12B)
[0811/192053.428:WARNING:pe_image_reader.cc(340)] could not read dos header from C:\Windows\System32\msvcp_win.dll
[0811/192053.429:ERROR:process_memory_win.cc(73)] ReadMemory at 0x7ffc8b2e0000 of 64 bytes failed: Only part of a ReadProcessMemory or WriteProcessMemory request was completed. (0x12B)
[0811/192053.429:WARNING:pe_image_reader.cc(340)] could not read dos header from C:\Windows\System32\ucrtbase.dll
[0811/192053.429:ERROR:process_memory_win.cc(73)] ReadMemory at 0x7ffc8c030000 of 64 bytes failed: Only part of a ReadProcessMemory or WriteProcessMemory request was completed. (0x12B)
[0811/192053.429:WARNING:pe_image_reader.cc(340)] could not read dos header from C:\Windows\System32\combase.dll
[0811/192053.429:ERROR:process_memory_win.cc(73)] ReadMemory at 0x7ffc8a6a0000 of 64 bytes failed: Only part of a ReadProcessMemory or WriteProcessMemory request was completed. (0x12B)
[0811/192053.429:WARNING:pe_image_reader.cc(340)] could not read dos header from C:\Windows\System32\WINTRUST.dll
[0811/192053.429:ERROR:process_memory_win.cc(73)] ReadMemory at 0x7ffc8a1f0000 of 64 bytes failed: Only part of a ReadProcessMemory or WriteProcessMemory request was completed. (0x12B)
[0811/192053.429:WARNING:pe_image_reader.cc(340)] could not read dos header from C:\Windows\System32\MSASN1.dll
[0811/192053.429:ERROR:process_memory_win.cc(73)] ReadMemory at 0x7ffc8a550000 of 64 bytes failed: Only part of a ReadProcessMemory or WriteProcessMemory request was completed. (0x12B)
[0811/192053.429:WARNING:pe_image_reader.cc(340)] could not read dos header from C:\Windows\System32\CRYPT32.dll
[0811/192053.429:ERROR:process_memory_win.cc(73)] ReadMemory at 0x7ffc89700000 of 64 bytes failed: Only part of a ReadProcessMemory or WriteProcessMemory request was completed. (0x12B)
[0811/192053.429:WARNING:pe_image_reader.cc(340)] could not read dos header from C:\Windows\SYSTEM32\IPHLPAPI.DLL
[0811/192053.429:ERROR:process_memory_win.cc(73)] ReadMemory at 0x7ffc87d80000 of 64 bytes failed: Only part of a ReadProcessMemory or WriteProcessMemory request was completed. (0x12B)
[0811/192053.429:WARNING:pe_image_reader.cc(340)] could not read dos header from C:\Windows\SYSTEM32\WINMM.dll
[0811/192053.429:ERROR:process_memory_win.cc(73)] ReadMemory at 0x7ffc745c0000 of 64 bytes failed: Only part of a ReadProcessMemory or WriteProcessMemory request was completed. (0x12B)
[0811/192053.429:WARNING:pe_image_reader.cc(340)] could not read dos header from C:\Windows\SYSTEM32\Secur32.dll
[0811/192053.429:ERROR:process_memory_win.cc(73)] ReadMemory at 0x7ffc8a100000 of 64 bytes failed: Only part of a ReadProcessMemory or WriteProcessMemory request was completed. (0x12B)
[0811/192053.429:WARNING:pe_image_reader.cc(340)] could not read dos header from C:\Windows\SYSTEM32\USERENV.dll
[0811/192053.429:ERROR:process_memory_win.cc(73)] ReadMemory at 0x7ffc8a230000 of 64 bytes failed: Only part of a ReadProcessMemory or WriteProcessMemory request was completed. (0x12B)
[0811/192053.429:WARNING:pe_image_reader.cc(340)] could not read dos header from C:\Windows\System32\profapi.dll
[0811/192053.429:ERROR:process_memory_win.cc(73)] ReadMemory at 0x7ffc6a8e0000 of 64 bytes failed: Only part of a ReadProcessMemory or WriteProcessMemory request was completed. (0x12B)
[0811/192053.429:WARNING:pe_image_reader.cc(340)] could not read dos header from C:\Windows\SYSTEM32\UIAutomationCore.DLL
[0811/192053.429:ERROR:process_memory_win.cc(73)] ReadMemory at 0x7ffc81d50000 of 64 bytes failed: Only part of a ReadProcessMemory or WriteProcessMemory request was completed. (0x12B)
[0811/192053.429:WARNING:pe_image_reader.cc(340)] could not read dos header from C:\Windows\SYSTEM32\DWrite.dll
[0811/192053.429:ERROR:process_memory_win.cc(73)] ReadMemory at 0x7ffc742b0000 of 64 bytes failed: Only part of a ReadProcessMemory or WriteProcessMemory request was completed. (0x12B)
[0811/192053.429:WARNING:pe_image_reader.cc(340)] could not read dos header from C:\Windows\SYSTEM32\WINSPOOL.DRV
[0811/192053.430:ERROR:process_memory_win.cc(73)] ReadMemory at 0x7ffc8a210000 of 64 bytes failed: Only part of a ReadProcessMemory or WriteProcessMemory request was completed. (0x12B)
[0811/192053.430:WARNING:pe_image_reader.cc(340)] could not read dos header from C:\Windows\System32\kernel.appcore.dll
[0811/192053.430:ERROR:process_memory_win.cc(73)] ReadMemory at 0x7ffc8aa50000 of 64 bytes failed: Only part of a ReadProcessMemory or WriteProcessMemory request was completed. (0x12B)
[0811/192053.430:WARNING:pe_image_reader.cc(340)] could not read dos header from C:\Windows\System32\bcrypt.dll
[0811/192053.430:ERROR:process_memory_win.cc(73)] ReadMemory at 0x7ffc79760000 of 64 bytes failed: Only part of a ReadProcessMemory or WriteProcessMemory request was completed. (0x12B)
[0811/192053.430:WARNING:pe_image_reader.cc(340)] could not read dos header from C:\Windows\SYSTEM32\dbghelp.dll
[0811/192053.430:ERROR:process_memory_win.cc(73)] ReadMemory at 0x7ffc7f470000 of 64 bytes failed: Only part of a ReadProcessMemory or WriteProcessMemory request was completed. (0x12B)
[0811/192053.430:WARNING:pe_image_reader.cc(340)] could not read dos header from C:\Windows\SYSTEM32\WINHTTP.dll
[0811/192053.430:ERROR:process_memory_win.cc(73)] ReadMemory at 0x7ffc81050000 of 64 bytes failed: Only part of a ReadProcessMemory or WriteProcessMemory request was completed. (0x12B)
[0811/192053.430:WARNING:pe_image_reader.cc(340)] could not read dos header from C:\Windows\SYSTEM32\dhcpcsvc.DLL
[0811/192053.431:ERROR:process_memory_win.cc(73)] ReadMemory at 0x7ffc8bf90000 of 64 bytes failed: Only part of a ReadProcessMemory or WriteProcessMemory request was completed. (0x12B)
[0811/192053.431:WARNING:pe_image_reader.cc(340)] could not read dos header from C:\Windows\System32\NSI.dll
[0811/192053.431:ERROR:process_memory_win.cc(73)] ReadMemory at 0x7ffc87d50000 of 64 bytes failed: Only part of a ReadProcessMemory or WriteProcessMemory request was completed. (0x12B)
[0811/192053.431:WARNING:pe_image_reader.cc(340)] could not read dos header from C:\Windows\SYSTEM32\WINMMBASE.dll
[0811/192053.431:ERROR:process_memory_win.cc(73)] ReadMemory at 0x7ffc8a2b0000 of 64 bytes failed: Only part of a ReadProcessMemory or WriteProcessMemory request was completed. (0x12B)
[0811/192053.431:WARNING:pe_image_reader.cc(340)] could not read dos header from C:\Windows\System32\cfgmgr32.dll
[0811/192053.431:ERROR:process_memory_win.cc(73)] ReadMemory at 0x7ffc86bd0000 of 64 bytes failed: Only part of a ReadProcessMemory or WriteProcessMemory request was completed. (0x12B)
[0811/192053.431:WARNING:pe_image_reader.cc(340)] could not read dos header from C:\Windows\SYSTEM32\PROPSYS.dll
[0811/192053.431:ERROR:process_memory_win.cc(73)] ReadMemory at 0x7ffc8b650000 of 64 bytes failed: Only part of a ReadProcessMemory or WriteProcessMemory request was completed. (0x12B)
[0811/192053.431:WARNING:pe_image_reader.cc(340)] could not read dos header from C:\Windows\System32\shcore.dll
[0811/192053.431:ERROR:process_memory_win.cc(73)] ReadMemory at 0x7ffc8a0d0000 of 64 bytes failed: Only part of a ReadProcessMemory or WriteProcessMemory request was completed. (0x12B)
[0811/192053.431:WARNING:pe_image_reader.cc(340)] could not read dos header from C:\Windows\SYSTEM32\SSPICLI.DLL
[0811/192053.431:ERROR:process_memory_win.cc(73)] ReadMemory at 0x7ffc89bc0000 of 64 bytes failed: Only part of a ReadProcessMemory or WriteProcessMemory request was completed. (0x12B)
[0811/192053.431:WARNING:pe_image_reader.cc(340)] could not read dos header from C:\Windows\SYSTEM32\CRYPTBASE.DLL
[0811/192053.589:ERROR:process_memory_win.cc(73)] ReadMemory at 0x61fd9e4000 of 114688 bytes failed: Only part of a ReadProcessMemory or WriteProcessMemory request was completed. (0x12B)
[0811/192053.797:ERROR:process_memory_win.cc(73)] ReadMemory at 0x61fe1fd000 of 12288 bytes failed: Only part of a ReadProcessMemory or WriteProcessMemory request was completed. (0x12B)
[0811/192053.798:ERROR:process_memory_win.cc(73)] ReadMemory at 0x61fe9f4000 of 49152 bytes failed: Only part of a ReadProcessMemory or WriteProcessMemory request was completed. (0x12B)
[0811/192053.798:ERROR:process_memory_win.cc(73)] ReadMemory at 0x61ff1fd000 of 12288 bytes failed: Only part of a ReadProcessMemory or WriteProcessMemory request was completed. (0x12B)
[0811/192054.437:ERROR:process_memory_win.cc(73)] ReadMemory at 0x61ff9fb000 of 20480 bytes failed: Only part of a ReadProcessMemory or WriteProcessMemory request was completed. (0x12B)
[0811/192054.437:ERROR:process_memory_win.cc(73)] ReadMemory at 0x61807fe000 of 8192 bytes failed: Only part of a ReadProcessMemory or WriteProcessMemory request was completed. (0x12B)
[0811/192054.437:ERROR:process_memory_win.cc(73)] ReadMemory at 0x6180ffd000 of 12288 bytes failed: Only part of a ReadProcessMemory or WriteProcessMemory request was completed. (0x12B)
[0811/192054.437:ERROR:process_memory_win.cc(73)] ReadMemory at 0x61817fb000 of 20480 bytes failed: Only part of a ReadProcessMemory or WriteProcessMemory request was completed. (0x12B)
[0811/192054.438:ERROR:process_memory_win.cc(73)] ReadMemory at 0x6181ffd000 of 12288 bytes failed: Only part of a ReadProcessMemory or WriteProcessMemory request was completed. (0x12B)
[0811/192054.438:ERROR:process_memory_win.cc(73)] ReadMemory at 0x61827fc000 of 16384 bytes failed: Only part of a ReadProcessMemory or WriteProcessMemory request was completed. (0x12B)
[0811/192054.438:ERROR:process_memory_win.cc(73)] ReadMemory at 0x6182ff6000 of 40960 bytes failed: Only part of a ReadProcessMemory or WriteProcessMemory request was completed. (0x12B)
[0811/192054.438:ERROR:process_memory_win.cc(73)] ReadMemory at 0x61837fd000 of 12288 bytes failed: Only part of a ReadProcessMemory or WriteProcessMemory request was completed. (0x12B)
[0811/192054.438:ERROR:process_memory_win.cc(73)] ReadMemory at 0x61847f7000 of 36864 bytes failed: Only part of a ReadProcessMemory or WriteProcessMemory request was completed. (0x12B)
[0811/192054.438:ERROR:process_memory_win.cc(73)] ReadMemory at 0x6184ffa000 of 24576 bytes failed: Only part of a ReadProcessMemory or WriteProcessMemory request was completed. (0x12B)
[0811/192054.438:ERROR:process_memory_win.cc(73)] ReadMemory at 0x6183fff000 of 4096 bytes failed: Only part of a ReadProcessMemory or WriteProcessMemory request was completed. (0x12B)
[0811/192054.438:ERROR:process_memory_win.cc(73)] ReadMemory at 0x61fd1d9000 of 852 bytes failed: Only part of a ReadProcessMemory or WriteProcessMemory request was completed. (0x12B)
[0811/192054.438:ERROR:process_memory_win.cc(73)] ReadMemory at 0x61fd1da000 of 6024 bytes failed: Only part of a ReadProcessMemory or WriteProcessMemory request was completed. (0x12B)
[0811/192054.439:ERROR:process_memory_win.cc(73)] ReadMemory at 0x61fd1dc000 of 6024 bytes failed: Only part of a ReadProcessMemory or WriteProcessMemory request was completed. (0x12B)
[0811/192054.439:ERROR:process_memory_win.cc(73)] ReadMemory at 0x61fd1de000 of 6024 bytes failed: Only part of a ReadProcessMemory or WriteProcessMemory request was completed. (0x12B)
[0811/192054.439:ERROR:process_memory_win.cc(73)] ReadMemory at 0x61fd1e0000 of 6024 bytes failed: Only part of a ReadProcessMemory or WriteProcessMemory request was completed. (0x12B)
[0811/192054.439:ERROR:process_memory_win.cc(73)] ReadMemory at 0x61fd1e2000 of 6024 bytes failed: Only part of a ReadProcessMemory or WriteProcessMemory request was completed. (0x12B)
[0811/192054.439:ERROR:process_memory_win.cc(73)] ReadMemory at 0x61fd1e4000 of 6024 bytes failed: Only part of a ReadProcessMemory or WriteProcessMemory request was completed. (0x12B)
[0811/192054.439:ERROR:process_memory_win.cc(73)] ReadMemory at 0x61fd1e6000 of 6024 bytes failed: Only part of a ReadProcessMemory or WriteProcessMemory request was completed. (0x12B)
[0811/192054.439:ERROR:process_memory_win.cc(73)] ReadMemory at 0x61fd1e8000 of 6024 bytes failed: Only part of a ReadProcessMemory or WriteProcessMemory request was completed. (0x12B)
[0811/192054.439:ERROR:process_memory_win.cc(73)] ReadMemory at 0x61fd1ea000 of 6024 bytes failed: Only part of a ReadProcessMemory or WriteProcessMemory request was completed. (0x12B)
[0811/192054.439:ERROR:process_memory_win.cc(73)] ReadMemory at 0x61fd1ec000 of 6024 bytes failed: Only part of a ReadProcessMemory or WriteProcessMemory request was completed. (0x12B)
[0811/192054.440:ERROR:process_memory_win.cc(73)] ReadMemory at 0x61fd1ee000 of 6024 bytes failed: Only part of a ReadProcessMemory or WriteProcessMemory request was completed. (0x12B)
[0811/192054.440:ERROR:process_memory_win.cc(73)] ReadMemory at 0x61fd1f0000 of 6024 bytes failed: Only part of a ReadProcessMemory or WriteProcessMemory request was completed. (0x12B)
[0811/192054.440:ERROR:process_memory_win.cc(73)] ReadMemory at 0x61fd1f4000 of 6024 bytes failed: Only part of a ReadProcessMemory or WriteProcessMemory request was completed. (0x12B)
[0811/192054.440:ERROR:process_memory_win.cc(73)] ReadMemory at 0x61fd1f6000 of 6024 bytes failed: Only part of a ReadProcessMemory or WriteProcessMemory request was completed. (0x12B)
[0811/192054.440:ERROR:process_memory_win.cc(73)] ReadMemory at 0x61fd1f8000 of 6024 bytes failed: Only part of a ReadProcessMemory or WriteProcessMemory request was completed. (0x12B)
[0811/192054.440:ERROR:process_memory_win.cc(73)] ReadMemory at 0x21280c30000 of 384 bytes failed: Only part of a ReadProcessMemory or WriteProcessMemory request was completed. (0x12B)
[0811/192054.440:ERROR:process_memory_win.cc(73)] ReadMemory at 0x21280c30fe0 of 23876 bytes failed: Only part of a ReadProcessMemory or WriteProcessMemory request was completed. (0x12B)
[0811/192054.440:ERROR:process_memory_win.cc(73)] ReadMemory at 0x21280c36d30 of 1012 bytes failed: Only part of a ReadProcessMemory or WriteProcessMemory request was completed. (0x12B)
[0811/192054.440:ERROR:process_memory_win.cc(73)] ReadMemory at 0x21280c37378 of 118 bytes failed: Only part of a ReadProcessMemory or WriteProcessMemory request was completed. (0x12B)
[0811/192054.440:ERROR:process_memory_win.cc(73)] ReadMemory at 0x21280c373f0 of 754 bytes failed: Only part of a ReadProcessMemory or WriteProcessMemory request was completed. (0x12B)
[0811/192054.441:ERROR:process_memory_win.cc(73)] ReadMemory at 0x21280c376e4 of 118 bytes failed: Only part of a ReadProcessMemory or WriteProcessMemory request was completed. (0x12B)
[0811/192054.441:ERROR:process_memory_win.cc(73)] ReadMemory at 0x21280c3775c of 102 bytes failed: Only part of a ReadProcessMemory or WriteProcessMemory request was completed. (0x12B)
[0811/192054.441:ERROR:process_memory_win.cc(73)] ReadMemory at 0x21280c377d0 of 58 bytes failed: Only part of a ReadProcessMemory or WriteProcessMemory request was completed. (0x12B)
[0811/192054.441:ERROR:process_memory_win.cc(73)] ReadMemory at 0x21280c378d0 of 132 bytes failed: Only part of a ReadProcessMemory or WriteProcessMemory request was completed. (0x12B)
[0811/192054.441:ERROR:process_memory_win.cc(73)] ReadMemory at 0x21280c37a60 of 132 bytes failed: Only part of a ReadProcessMemory or WriteProcessMemory request was completed. (0x12B)
[0811/192054.441:ERROR:process_memory_win.cc(73)] ReadMemory at 0x21280c37c20 of 126 bytes failed: Only part of a ReadProcessMemory or WriteProcessMemory request was completed. (0x12B)
[0811/192054.441:ERROR:process_memory_win.cc(73)] ReadMemory at 0x21280c38000 of 132 bytes failed: Only part of a ReadProcessMemory or WriteProcessMemory request was completed. (0x12B)
[0811/192054.441:ERROR:process_memory_win.cc(73)] ReadMemory at 0x21280c38190 of 64 bytes failed: Only part of a ReadProcessMemory or WriteProcessMemory request was completed. (0x12B)
[0811/192054.442:ERROR:process_memory_win.cc(73)] ReadMemory at 0x21280c38350 of 132 bytes failed: Only part of a ReadProcessMemory or WriteProcessMemory request was completed. (0x12B)
[0811/192054.442:ERROR:process_memory_win.cc(73)] ReadMemory at 0x21280c385f0 of 132 bytes failed: Only part of a ReadProcessMemory or WriteProcessMemory request was completed. (0x12B)
[0811/192054.442:ERROR:process_memory_win.cc(73)] ReadMemory at 0x21280c38780 of 68 bytes failed: Only part of a ReadProcessMemory or WriteProcessMemory request was completed. (0x12B)
[0811/192054.442:ERROR:process_memory_win.cc(73)] ReadMemory at 0x21280c39850 of 132 bytes failed: Only part of a ReadProcessMemory or WriteProcessMemory request was completed. (0x12B)
[0811/192054.442:ERROR:process_memory_win.cc(73)] ReadMemory at 0x21280c399e0 of 154 bytes failed: Only part of a ReadProcessMemory or WriteProcessMemory request was completed. (0x12B)
[0811/192054.442:ERROR:process_memory_win.cc(73)] ReadMemory at 0x21280c3a7f0 of 62 bytes failed: Only part of a ReadProcessMemory or WriteProcessMemory request was completed. (0x12B)
[0811/192054.442:ERROR:process_memory_win.cc(73)] ReadMemory at 0x21280c3a950 of 132 bytes failed: Only part of a ReadProcessMemory or WriteProcessMemory request was completed. (0x12B)
[0811/192054.442:ERROR:process_memory_win.cc(73)] ReadMemory at 0x21280c3aae0 of 60 bytes failed: Only part of a ReadProcessMemory or WriteProcessMemory request was completed. (0x12B)
[0811/192054.442:ERROR:process_memory_win.cc(73)] ReadMemory at 0x21280c4a3f0 of 62 bytes failed: Only part of a ReadProcessMemory or WriteProcessMemory request was completed. (0x12B)
[0811/192054.443:ERROR:process_memory_win.cc(73)] ReadMemory at 0x21280c4d060 of 80 bytes failed: Only part of a ReadProcessMemory or WriteProcessMemory request was completed. (0x12B)
[0811/192054.443:ERROR:process_memory_win.cc(73)] ReadMemory at 0x21280c4fca0 of 132 bytes failed: Only part of a ReadProcessMemory or WriteProcessMemory request was completed. (0x12B)
[0811/192054.443:ERROR:process_memory_win.cc(73)] ReadMemory at 0x21280c4fdd0 of 146 bytes failed: Only part of a ReadProcessMemory or WriteProcessMemory request was completed. (0x12B)
[0811/192054.443:ERROR:process_memory_win.cc(73)] ReadMemory at 0x21280c50210 of 132 bytes failed: Only part of a ReadProcessMemory or WriteProcessMemory request was completed. (0x12B)
[0811/192054.443:ERROR:process_memory_win.cc(73)] ReadMemory at 0x21280c50570 of 132 bytes failed: Only part of a ReadProcessMemory or WriteProcessMemory request was completed. (0x12B)
[0811/192054.443:ERROR:process_memory_win.cc(73)] ReadMemory at 0x21280c50b10 of 132 bytes failed: Only part of a ReadProcessMemory or WriteProcessMemory request was completed. (0x12B)
[0811/192054.443:ERROR:process_memory_win.cc(73)] ReadMemory at 0x21280c50c90 of 132 bytes failed: Only part of a ReadProcessMemory or WriteProcessMemory request was completed. (0x12B)
[0811/192054.443:ERROR:process_memory_win.cc(73)] ReadMemory at 0x21280c50dc0 of 132 bytes failed: Only part of a ReadProcessMemory or WriteProcessMemory request was completed. (0x12B)
[0811/192054.443:ERROR:process_memory_win.cc(73)] ReadMemory at 0x21280c50ef0 of 132 bytes failed: Only part of a ReadProcessMemory or WriteProcessMemory request was completed. (0x12B)
[0811/192054.444:ERROR:process_memory_win.cc(73)] ReadMemory at 0x21280c51020 of 132 bytes failed: Only part of a ReadProcessMemory or WriteProcessMemory request was completed. (0x12B)
[0811/192054.444:ERROR:process_memory_win.cc(73)] ReadMemory at 0x21280c51150 of 132 bytes failed: Only part of a ReadProcessMemory or WriteProcessMemory request was completed. (0x12B)
[0811/192054.444:ERROR:process_memory_win.cc(73)] ReadMemory at 0x21280c51280 of 132 bytes failed: Only part of a ReadProcessMemory or WriteProcessMemory request was completed. (0x12B)
[0811/192054.444:ERROR:process_memory_win.cc(73)] ReadMemory at 0x21280c513b0 of 132 bytes failed: Only part of a ReadProcessMemory or WriteProcessMemory request was completed. (0x12B)
[0811/192054.444:ERROR:process_memory_win.cc(73)] ReadMemory at 0x21280c514e0 of 132 bytes failed: Only part of a ReadProcessMemory or WriteProcessMemory request was completed. (0x12B)
[0811/192054.444:ERROR:process_memory_win.cc(73)] ReadMemory at 0x21280c51610 of 132 bytes failed: Only part of a ReadProcessMemory or WriteProcessMemory request was completed. (0x12B)
[0811/192054.444:ERROR:process_memory_win.cc(73)] ReadMemory at 0x21280c51740 of 132 bytes failed: Only part of a ReadProcessMemory or WriteProcessMemory request was completed. (0x12B)
[0811/192054.444:ERROR:process_memory_win.cc(73)] ReadMemory at 0x21280c51870 of 132 bytes failed: Only part of a ReadProcessMemory or WriteProcessMemory request was completed. (0x12B)
[0811/192054.444:ERROR:process_memory_win.cc(73)] ReadMemory at 0x21280c519a0 of 132 bytes failed: Only part of a ReadProcessMemory or WriteProcessMemory request was completed. (0x12B)
[0811/192054.444:ERROR:process_memory_win.cc(73)] ReadMemory at 0x21280c51ca0 of 132 bytes failed: Only part of a ReadProcessMemory or WriteProcessMemory request was completed. (0x12B)
[0811/192054.445:ERROR:process_memory_win.cc(73)] ReadMemory at 0x21280c52160 of 132 bytes failed: Only part of a ReadProcessMemory or WriteProcessMemory request was completed. (0x12B)
[0811/192054.445:ERROR:process_memory_win.cc(73)] ReadMemory at 0x21280c524f0 of 132 bytes failed: Only part of a ReadProcessMemory or WriteProcessMemory request was completed. (0x12B)
[0811/192054.445:ERROR:process_memory_win.cc(73)] ReadMemory at 0x21280c52620 of 132 bytes failed: Only part of a ReadProcessMemory or WriteProcessMemory request was completed. (0x12B)
[0811/192054.445:ERROR:process_memory_win.cc(73)] ReadMemory at 0x21280c52c10 of 132 bytes failed: Only part of a ReadProcessMemory or WriteProcessMemory request was completed. (0x12B)
[0811/192054.445:ERROR:process_memory_win.cc(73)] ReadMemory at 0x21280c52d40 of 132 bytes failed: Only part of a ReadProcessMemory or WriteProcessMemory request was completed. (0x12B)
[0811/192054.445:ERROR:process_memory_win.cc(73)] ReadMemory at 0x21280c52fa0 of 132 bytes failed: Only part of a ReadProcessMemory or WriteProcessMemory request was completed. (0x12B)
[0811/192054.445:ERROR:process_memory_win.cc(73)] ReadMemory at 0x21280c536c0 of 132 bytes failed: Only part of a ReadProcessMemory or WriteProcessMemory request was completed. (0x12B)
[0811/192054.445:ERROR:process_memory_win.cc(73)] ReadMemory at 0x21280c537f0 of 132 bytes failed: Only part of a ReadProcessMemory or WriteProcessMemory request was completed. (0x12B)
[0811/192054.445:ERROR:process_memory_win.cc(73)] ReadMemory at 0x21280c53920 of 132 bytes failed: Only part of a ReadProcessMemory or WriteProcessMemory request was completed. (0x12B)
[0811/192054.445:ERROR:process_memory_win.cc(73)] ReadMemory at 0x21280c53a50 of 132 bytes failed: Only part of a ReadProcessMemory or WriteProcessMemory request was completed. (0x12B)
[0811/192054.445:ERROR:process_memory_win.cc(73)] ReadMemory at 0x21280c54050 of 132 bytes failed: Only part of a ReadProcessMemory or WriteProcessMemory request was completed. (0x12B)
[0811/192054.446:ERROR:process_memory_win.cc(73)] ReadMemory at 0x21280c554e0 of 132 bytes failed: Only part of a ReadProcessMemory or WriteProcessMemory request was completed. (0x12B)
[0811/192054.446:ERROR:process_memory_win.cc(73)] ReadMemory at 0x21280c55610 of 132 bytes failed: Only part of a ReadProcessMemory or WriteProcessMemory request was completed. (0x12B)
[0811/192054.446:ERROR:process_memory_win.cc(73)] ReadMemory at 0x21280c55830 of 132 bytes failed: Only part of a ReadProcessMemory or WriteProcessMemory request was completed. (0x12B)
[0811/192054.446:ERROR:process_memory_win.cc(73)] ReadMemory at 0x21280c580d0 of 54 bytes failed: Only part of a ReadProcessMemory or WriteProcessMemory request was completed. (0x12B)
[0811/192054.446:ERROR:process_memory_win.cc(73)] ReadMemory at 0x21280c5e1e0 of 60 bytes failed: Only part of a ReadProcessMemory or WriteProcessMemory request was completed. (0x12B)
[0811/192054.446:ERROR:process_memory_win.cc(73)] ReadMemory at 0x21280c5e230 of 66 bytes failed: Only part of a ReadProcessMemory or WriteProcessMemory request was completed. (0x12B)
[0811/192054.446:ERROR:process_memory_win.cc(73)] ReadMemory at 0x21280c5e410 of 62 bytes failed: Only part of a ReadProcessMemory or WriteProcessMemory request was completed. (0x12B)
[0811/192054.446:ERROR:process_memory_win.cc(73)] ReadMemory at 0x21280c5e460 of 60 bytes failed: Only part of a ReadProcessMemory or WriteProcessMemory request was completed. (0x12B)
[0811/192054.446:ERROR:process_memory_win.cc(73)] ReadMemory at 0x21280c5e4b0 of 62 bytes failed: Only part of a ReadProcessMemory or WriteProcessMemory request was completed. (0x12B)
[0811/192054.446:ERROR:process_memory_win.cc(73)] ReadMemory at 0x21280c5e640 of 58 bytes failed: Only part of a ReadProcessMemory or WriteProcessMemory request was completed. (0x12B)
[0811/192054.446:ERROR:process_memory_win.cc(73)] ReadMemory at 0x21280c5e690 of 62 bytes failed: Only part of a ReadProcessMemory or WriteProcessMemory request was completed. (0x12B)
[0811/192054.447:ERROR:process_memory_win.cc(73)] ReadMemory at 0x21280c5e6e0 of 60 bytes failed: Only part of a ReadProcessMemory or WriteProcessMemory request was completed. (0x12B)
[0811/192054.447:ERROR:process_memory_win.cc(73)] ReadMemory at 0x21280c5e780 of 62 bytes failed: Only part of a ReadProcessMemory or WriteProcessMemory request was completed. (0x12B)
[0811/192054.447:ERROR:process_memory_win.cc(73)] ReadMemory at 0x21280c5e8c0 of 60 bytes failed: Only part of a ReadProcessMemory or WriteProcessMemory request was completed. (0x12B)
[0811/192054.447:ERROR:process_memory_win.cc(73)] ReadMemory at 0x21280c5ea50 of 62 bytes failed: Only part of a ReadProcessMemory or WriteProcessMemory request was completed. (0x12B)
[0811/192054.447:ERROR:process_memory_win.cc(73)] ReadMemory at 0x21280c5eaa0 of 62 bytes failed: Only part of a ReadProcessMemory or WriteProcessMemory request was completed. (0x12B)
[0811/192054.447:ERROR:process_memory_win.cc(73)] ReadMemory at 0x21280c5eb40 of 64 bytes failed: Only part of a ReadProcessMemory or WriteProcessMemory request was completed. (0x12B)
[0811/192054.447:ERROR:process_memory_win.cc(73)] ReadMemory at 0x21280c5eb90 of 64 bytes failed: Only part of a ReadProcessMemory or WriteProcessMemory request was completed. (0x12B)
[0811/192054.447:ERROR:process_memory_win.cc(73)] ReadMemory at 0x21280c5ebe0 of 64 bytes failed: Only part of a ReadProcessMemory or WriteProcessMemory request was completed. (0x12B)
[0811/192054.448:ERROR:process_memory_win.cc(73)] ReadMemory at 0x21280c5ec30 of 66 bytes failed: Only part of a ReadProcessMemory or WriteProcessMemory request was completed. (0x12B)
[0811/192054.448:ERROR:process_memory_win.cc(73)] ReadMemory at 0x21280c5ec80 of 64 bytes failed: Only part of a ReadProcessMemory or WriteProcessMemory request was completed. (0x12B)
[0811/192054.448:ERROR:process_memory_win.cc(73)] ReadMemory at 0x21280c5ed20 of 62 bytes failed: Only part of a ReadProcessMemory or WriteProcessMemory request was completed. (0x12B)
[0811/192054.448:ERROR:process_memory_win.cc(73)] ReadMemory at 0x21280c5ed70 of 64 bytes failed: Only part of a ReadProcessMemory or WriteProcessMemory request was completed. (0x12B)
[0811/192054.448:ERROR:process_memory_win.cc(73)] ReadMemory at 0x21280c5ee10 of 64 bytes failed: Only part of a ReadProcessMemory or WriteProcessMemory request was completed. (0x12B)
[0811/192054.448:ERROR:process_memory_win.cc(73)] ReadMemory at 0x21280c5eeb0 of 62 bytes failed: Only part of a ReadProcessMemory or WriteProcessMemory request was completed. (0x12B)
[0811/192054.448:ERROR:process_memory_win.cc(73)] ReadMemory at 0x21280c5ef00 of 60 bytes failed: Only part of a ReadProcessMemory or WriteProcessMemory request was completed. (0x12B)
[0811/192054.448:ERROR:process_memory_win.cc(73)] ReadMemory at 0x21280c5ef50 of 64 bytes failed: Only part of a ReadProcessMemory or WriteProcessMemory request was completed. (0x12B)
[0811/192054.448:ERROR:process_memory_win.cc(73)] ReadMemory at 0x21280c5efa0 of 64 bytes failed: Only part of a ReadProcessMemory or WriteProcessMemory request was completed. (0x12B)
[0811/192054.448:ERROR:process_memory_win.cc(73)] ReadMemory at 0x21280c5eff0 of 62 bytes failed: Only part of a ReadProcessMemory or WriteProcessMemory request was completed. (0x12B)
[0811/192054.448:ERROR:process_memory_win.cc(73)] ReadMemory at 0x21280c5f130 of 60 bytes failed: Only part of a ReadProcessMemory or WriteProcessMemory request was completed. (0x12B)
[0811/192054.448:ERROR:process_memory_win.cc(73)] ReadMemory at 0x21280c5f1a0 of 132 bytes failed: Only part of a ReadProcessMemory or WriteProcessMemory request was completed. (0x12B)
[0811/192054.449:ERROR:process_memory_win.cc(73)] ReadMemory at 0x21280c63f00 of 80 bytes failed: Only part of a ReadProcessMemory or WriteProcessMemory request was completed. (0x12B)
[0811/192054.449:ERROR:process_memory_win.cc(73)] ReadMemory at 0x21280c64020 of 76 bytes failed: Only part of a ReadProcessMemory or WriteProcessMemory request was completed. (0x12B)
[0811/192054.449:ERROR:process_memory_win.cc(73)] ReadMemory at 0x21280cd9b60 of 512 bytes failed: Only part of a ReadProcessMemory or WriteProcessMemory request was completed. (0x12B)
[0811/192054.449:ERROR:process_memory_win.cc(73)] ReadMemory at 0x21280cdceb0 of 512 bytes failed: Only part of a ReadProcessMemory or WriteProcessMemory request was completed. (0x12B)
[0811/192054.449:ERROR:process_memory_win.cc(73)] ReadMemory at 0x21280ce76a0 of 712 bytes failed: Only part of a ReadProcessMemory or WriteProcessMemory request was completed. (0x12B)
[0811/192054.449:ERROR:process_memory_win.cc(73)] ReadMemory at 0x21280ceea60 of 512 bytes failed: Only part of a ReadProcessMemory or WriteProcessMemory request was completed. (0x12B)
[0811/192054.449:ERROR:process_memory_win.cc(73)] ReadMemory at 0x21280d01cf0 of 512 bytes failed: Only part of a ReadProcessMemory or WriteProcessMemory request was completed. (0x12B)
[0811/192054.449:ERROR:process_memory_win.cc(73)] ReadMemory at 0x21280d208f0 of 512 bytes failed: Only part of a ReadProcessMemory or WriteProcessMemory request was completed. (0x12B)
[0811/192054.449:ERROR:process_memory_win.cc(73)] ReadMemory at 0x21282610000 of 384 bytes failed: Only part of a ReadProcessMemory or WriteProcessMemory request was completed. (0x12B)
[0811/192054.450:ERROR:process_memory_win.cc(73)] ReadMemory at 0x21282635f40 of 512 bytes failed: Only part of a ReadProcessMemory or WriteProcessMemory request was completed. (0x12B)
[0811/192054.450:ERROR:process_memory_win.cc(73)] ReadMemory at 0x212826edbb0 of 512 bytes failed: Only part of a ReadProcessMemory or WriteProcessMemory request was completed. (0x12B)
[0811/192054.450:ERROR:process_memory_win.cc(73)] ReadMemory at 0x21282a06ac0 of 512 bytes failed: Only part of a ReadProcessMemory or WriteProcessMemory request was completed. (0x12B)
[0811/192054.450:ERROR:process_memory_win.cc(73)] ReadMemory at 0x268e5ac04000 of 384 bytes failed: Only part of a ReadProcessMemory or WriteProcessMemory request was completed. (0x12B)
[0811/192054.450:ERROR:process_memory_win.cc(73)] ReadMemory at 0x282000e61c90 of 512 bytes failed: Only part of a ReadProcessMemory or WriteProcessMemory request was completed. (0x12B)
[0811/192054.450:ERROR:process_memory_win.cc(73)] ReadMemory at 0x3c01461928a0 of 512 bytes failed: Only part of a ReadProcessMemory or WriteProcessMemory request was completed. (0x12B)
[0811/192054.450:ERROR:process_memory_win.cc(73)] ReadMemory at 0x61ec37a02850 of 512 bytes failed: Only part of a ReadProcessMemory or WriteProcessMemory request was completed. (0x12B)
[0811/192054.450:ERROR:process_memory_win.cc(73)] ReadMemory at 0x73d80b3210a8 of 512 bytes failed: Only part of a ReadProcessMemory or WriteProcessMemory request was completed. (0x12B)
[0811/192054.451:ERROR:process_memory_win.cc(73)] ReadMemory at 0x7ffc4e9b3d40 of 512 bytes failed: Only part of a ReadProcessMemory or WriteProcessMemory request was completed. (0x12B)
[0811/192054.451:ERROR:process_memory_win.cc(73)] ReadMemory at 0x7ffc518a5301 of 512 bytes failed: Only part of a ReadProcessMemory or WriteProcessMemory request was completed. (0x12B)
[0811/192054.451:ERROR:process_memory_win.cc(73)] ReadMemory at 0x7ffc532c1130 of 512 bytes failed: Only part of a ReadProcessMemory or WriteProcessMemory request was completed. (0x12B)
[0811/192054.451:ERROR:process_memory_win.cc(73)] ReadMemory at 0x7ffc53a675d0 of 512 bytes failed: Only part of a ReadProcessMemory or WriteProcessMemory request was completed. (0x12B)
[0811/192054.451:ERROR:process_memory_win.cc(73)] ReadMemory at 0x7ffc667279b3 of 512 bytes failed: Only part of a ReadProcessMemory or WriteProcessMemory request was completed. (0x12B)
[0811/192054.451:ERROR:process_memory_win.cc(73)] ReadMemory at 0x7ffc667281a0 of 512 bytes failed: Only part of a ReadProcessMemory or WriteProcessMemory request was completed. (0x12B)
[0811/192054.451:ERROR:process_memory_win.cc(73)] ReadMemory at 0x7ffc8d3fc074 of 672 bytes failed: Only part of a ReadProcessMemory or WriteProcessMemory request was completed. (0x12B)
[0811/192054.452:ERROR:process_memory_win.cc(73)] ReadMemory at 0x7ffc8d3ff924 of 608 bytes failed: Only part of a ReadProcessMemory or WriteProcessMemory request was completed. (0x12B)
[0811/192054.452:ERROR:process_memory_win.cc(73)] ReadMemory at 0x7ffc8d48c428 of 18 bytes failed: Only part of a ReadProcessMemory or WriteProcessMemory request was completed. (0x12B)
[0811/192054.452:ERROR:process_memory_win.cc(73)] ReadMemory at 0x7ffc8d4bf4f8 of 40 bytes failed: Only part of a ReadProcessMemory or WriteProcessMemory request was completed. (0x12B)
[0811/192054.452:ERROR:process_memory_win.cc(73)] ReadMemory at 0x7ffc8d4bf978 of 48 bytes failed: Only part of a ReadProcessMemory or WriteProcessMemory request was completed. (0x12B)
[0811/192054.452:ERROR:process_memory_win.cc(73)] ReadMemory at 0x7ffc8d4c53c0 of 64 bytes failed: Only part of a ReadProcessMemory or WriteProcessMemory request was completed. (0x12B)
[0811/192054.457:ERROR:scoped_process_suspend.cc(40)] NtResumeProcess: An attempt was made to access an exiting process. (0xc000010a)
